[debug] [2022-10-27T16:14:12.558Z] ----------------------------------------------------------------------
[debug] [2022-10-27T16:14:12.560Z] Command:       C:\Program Files\nodejs\node.exe C:\Users\Acer\AppData\Roaming\npm\node_modules\firebase-tools\lib\bin\firebase.js deploy
[debug] [2022-10-27T16:14:12.560Z] CLI Version:   11.15.0
[debug] [2022-10-27T16:14:12.560Z] Platform:      win32
[debug] [2022-10-27T16:14:12.560Z] Node Version:  v19.0.0
[debug] [2022-10-27T16:14:12.560Z] Time:          Thu Oct 27 2022 22:14:12 GMT+0600 (Bangladesh Standard Time)
[debug] [2022-10-27T16:14:12.561Z] ----------------------------------------------------------------------
[debug] 
[debug] [2022-10-27T16:14:12.618Z] > command requires scopes: ["email","openid","https://www.googleapis.com/auth/cloudplatformprojects.readonly","https://www.googleapis.com/auth/firebase","https://www.googleapis.com/auth/cloud-platform"]
[debug] [2022-10-27T16:14:12.619Z] > authorizing via signed-in user (3shan.bd@gmail.com)
[debug] [2022-10-27T16:14:12.619Z] [iam] checking project skill-up-b1bf2 for permissions ["firebase.projects.get","firebasehosting.sites.update"]
[debug] [2022-10-27T16:14:12.621Z] >>> [apiv2][query] POST https://cloudresourcemanager.googleapis.com/v1/projects/skill-up-b1bf2:testIamPermissions [none]
[debug] [2022-10-27T16:14:12.621Z] >>> [apiv2][(partial)header] POST https://cloudresourcemanager.googleapis.com/v1/projects/skill-up-b1bf2:testIamPermissions x-goog-quota-user=projects/skill-up-b1bf2
[debug] [2022-10-27T16:14:12.621Z] >>> [apiv2][body] POST https://cloudresourcemanager.googleapis.com/v1/projects/skill-up-b1bf2:testIamPermissions {"permissions":["firebase.projects.get","firebasehosting.sites.update"]}
[debug] [2022-10-27T16:14:14.357Z] <<< [apiv2][status] POST https://cloudresourcemanager.googleapis.com/v1/projects/skill-up-b1bf2:testIamPermissions 200
[debug] [2022-10-27T16:14:14.357Z] <<< [apiv2][body] POST https://cloudresourcemanager.googleapis.com/v1/projects/skill-up-b1bf2:testIamPermissions {"permissions":["firebase.projects.get","firebasehosting.sites.update"]}
[debug] [2022-10-27T16:14:14.357Z] >>> [apiv2][query] GET https://firebase.googleapis.com/v1beta1/projects/skill-up-b1bf2 [none]
[debug] [2022-10-27T16:14:15.190Z] <<< [apiv2][status] GET https://firebase.googleapis.com/v1beta1/projects/skill-up-b1bf2 200
[debug] [2022-10-27T16:14:15.190Z] <<< [apiv2][body] GET https://firebase.googleapis.com/v1beta1/projects/skill-up-b1bf2 {"projectId":"skill-up-b1bf2","projectNumber":"1044401880038","displayName":"skill-up","name":"projects/skill-up-b1bf2","resources":{"hostingSite":"skill-up-b1bf2"},"state":"ACTIVE","etag":"1_20307edf-0f29-41c6-8fc9-ec703e81d6ad"}
[info] 
[info] === Deploying to 'skill-up-b1bf2'...
[info] 
[info] i  deploying hosting 
[debug] [2022-10-27T16:14:15.196Z] >>> [apiv2][query] POST https://firebasehosting.googleapis.com/v1beta1/projects/-/sites/skill-up-b1bf2/versions [none]
[debug] [2022-10-27T16:14:15.196Z] >>> [apiv2][body] POST https://firebasehosting.googleapis.com/v1beta1/projects/-/sites/skill-up-b1bf2/versions {"status":"CREATED","labels":{"deployment-tool":"cli-firebase"}}
[debug] [2022-10-27T16:14:17.000Z] <<< [apiv2][status] POST https://firebasehosting.googleapis.com/v1beta1/projects/-/sites/skill-up-b1bf2/versions 200
[debug] [2022-10-27T16:14:17.000Z] <<< [apiv2][body] POST https://firebasehosting.googleapis.com/v1beta1/projects/-/sites/skill-up-b1bf2/versions {"name":"projects/1044401880038/sites/skill-up-b1bf2/versions/3c02a94d80e1aaab","status":"CREATED","config":{},"labels":{"deployment-tool":"cli-firebase"}}
[info] i  hosting[skill-up-b1bf2]: beginning deploy... 
[info] i  hosting[skill-up-b1bf2]: found 18 files in build 
[debug] [2022-10-27T16:14:17.015Z] [hosting] uploading with 200 concurrency
[debug] [2022-10-27T16:14:18.142Z] [hosting] hash cache [YnVpbGQ] stored for 18 files
[debug] [2022-10-27T16:14:18.142Z] [hosting][hash queue][FINAL] {"max":1119,"min":2,"avg":69.88888888888889,"active":0,"complete":18,"success":18,"errored":0,"retried":0,"total":18,"elapsed":1125}
[debug] [2022-10-27T16:14:18.143Z] >>> [apiv2][query] POST https://firebasehosting.googleapis.com/v1beta1/projects/1044401880038/sites/skill-up-b1bf2/versions/3c02a94d80e1aaab:populateFiles [none]
[debug] [2022-10-27T16:14:18.143Z] >>> [apiv2][body] POST https://firebasehosting.googleapis.com/v1beta1/projects/1044401880038/sites/skill-up-b1bf2/versions/3c02a94d80e1aaab:populateFiles {"files":{"/favicon.ico":"805dfaa6440cf1a5239d94ba8b594c67f590a5cdeb2a7da8e34dcb61c17c21c5","/logo192.png":"3ee59515172ee198f3be375979df15ac5345183e656720a381b8872b2a39dc8b","/logo512.png":"ee7e2f3fdb8209c4b6fd7bef6ba50d1b9dba30a25bb5c3126df057e1cb6f5331","/manifest.json":"aff3449bdc238776f5d6d967f19ec491b36aed5fb7f23ccff6500736fd58494a","/robots.txt":"bfe106a3fb878dc83461c86818bf74fc1bdc7f28538ba613cd3e775516ce8b49","/asset-manifest.json":"a2c605dd9143ff973d8f5ee95567d160225465aa8654486f3840f9c425d1f422","/static/js/787.84d516d2.chunk.js":"7330dea58523f18c13631010c1ef85aa36275be6636a8798b0a6be2ba836b6e7","/index.html":"faa8135f4d804a01c6d866555895c3342ca3572f091aa92eed630427e6a8c679","/static/js/787.84d516d2.chunk.js.map":"01b040cf8dda8ba600b693cdd1e3dd50163f454ac1c59af93d8d562e89d3dc81","/static/js/main.6bc7b212.js.LICENSE.txt":"b3b700bb33ad57358ff550a4f55094a7e1a5caa0bd10f2979cd69ca873bcefdf","/static/media/slick.295183786cd8a1389865.woff":"029a727c9e1081d2f9e1015f02f18da88f268512ea4f58589a6f17f532928530","/static/media/slick.2630a3e3eab21c607e21.svg":"d00477d40ed40fa1dd3bdee27d9286804121b15fea83bae7d5415d902b055de0","/static/media/slick.a4e97f5a2a64f0ab1323.eot":"52b9a169969e053d43df6bd21c4dc789c2518d99afd8590a17ef50cd24c77cf6","/static/media/slick.c94f7671dcc99dce43e2.ttf":"6aad751007cf9a89350af287f824ab64f096c472c7c9c679fb3d55b6174fc004","/static/css/main.f2bfc76d.css.map":"5f5cc8b515ebe9d51d56fc5061c7c399cfb69571e7dd83ca3013287bcedbaf75","/static/css/main.f2bfc76d.css":"b91b017f9de49099e34b55968bc1319482fe0d606ae4aa8a445166c186f2b059","/static/js/main.6bc7b212.js":"364f02acdf76871e0e16b6c8965b46f2befbc896575f5081fd5e28cc009a9a9f","/static/js/main.6bc7b212.js.map":"66c1e55b7c6bc892e5eca5decf9b255e60fc4fbdcf815e4accebd157a657e918"}}
[debug] [2022-10-27T16:14:19.029Z] <<< [apiv2][status] POST https://firebasehosting.googleapis.com/v1beta1/projects/1044401880038/sites/skill-up-b1bf2/versions/3c02a94d80e1aaab:populateFiles 200
[debug] [2022-10-27T16:14:19.030Z] <<< [apiv2][body] POST https://firebasehosting.googleapis.com/v1beta1/projects/1044401880038/sites/skill-up-b1bf2/versions/3c02a94d80e1aaab:populateFiles {"uploadRequiredHashes":["5f5cc8b515ebe9d51d56fc5061c7c399cfb69571e7dd83ca3013287bcedbaf75","66c1e55b7c6bc892e5eca5decf9b255e60fc4fbdcf815e4accebd157a657e918","a2c605dd9143ff973d8f5ee95567d160225465aa8654486f3840f9c425d1f422","364f02acdf76871e0e16b6c8965b46f2befbc896575f5081fd5e28cc009a9a9f","b91b017f9de49099e34b55968bc1319482fe0d606ae4aa8a445166c186f2b059","faa8135f4d804a01c6d866555895c3342ca3572f091aa92eed630427e6a8c679"],"uploadUrl":"https://upload-firebasehosting.googleapis.com/upload/sites/skill-up-b1bf2/versions/3c02a94d80e1aaab/files"}
[debug] [2022-10-27T16:14:19.032Z] >>> [apiv2][query] POST https://upload-firebasehosting.googleapis.com/upload/sites/skill-up-b1bf2/versions/3c02a94d80e1aaab/files/5f5cc8b515ebe9d51d56fc5061c7c399cfb69571e7dd83ca3013287bcedbaf75 [none]
[debug] [2022-10-27T16:14:19.032Z] >>> [apiv2][body] POST https://upload-firebasehosting.googleapis.com/upload/sites/skill-up-b1bf2/versions/3c02a94d80e1aaab/files/5f5cc8b515ebe9d51d56fc5061c7c399cfb69571e7dd83ca3013287bcedbaf75 [stream]
[debug] [2022-10-27T16:14:19.034Z] >>> [apiv2][query] POST https://upload-firebasehosting.googleapis.com/upload/sites/skill-up-b1bf2/versions/3c02a94d80e1aaab/files/66c1e55b7c6bc892e5eca5decf9b255e60fc4fbdcf815e4accebd157a657e918 [none]
[debug] [2022-10-27T16:14:19.034Z] >>> [apiv2][body] POST https://upload-firebasehosting.googleapis.com/upload/sites/skill-up-b1bf2/versions/3c02a94d80e1aaab/files/66c1e55b7c6bc892e5eca5decf9b255e60fc4fbdcf815e4accebd157a657e918 [stream]
[debug] [2022-10-27T16:14:19.035Z] >>> [apiv2][query] POST https://upload-firebasehosting.googleapis.com/upload/sites/skill-up-b1bf2/versions/3c02a94d80e1aaab/files/a2c605dd9143ff973d8f5ee95567d160225465aa8654486f3840f9c425d1f422 [none]
[debug] [2022-10-27T16:14:19.035Z] >>> [apiv2][body] POST https://upload-firebasehosting.googleapis.com/upload/sites/skill-up-b1bf2/versions/3c02a94d80e1aaab/files/a2c605dd9143ff973d8f5ee95567d160225465aa8654486f3840f9c425d1f422 [stream]
[debug] [2022-10-27T16:14:19.036Z] >>> [apiv2][query] POST https://upload-firebasehosting.googleapis.com/upload/sites/skill-up-b1bf2/versions/3c02a94d80e1aaab/files/364f02acdf76871e0e16b6c8965b46f2befbc896575f5081fd5e28cc009a9a9f [none]
[debug] [2022-10-27T16:14:19.036Z] >>> [apiv2][body] POST https://upload-firebasehosting.googleapis.com/upload/sites/skill-up-b1bf2/versions/3c02a94d80e1aaab/files/364f02acdf76871e0e16b6c8965b46f2befbc896575f5081fd5e28cc009a9a9f [stream]
[debug] [2022-10-27T16:14:19.037Z] >>> [apiv2][query] POST https://upload-firebasehosting.googleapis.com/upload/sites/skill-up-b1bf2/versions/3c02a94d80e1aaab/files/b91b017f9de49099e34b55968bc1319482fe0d606ae4aa8a445166c186f2b059 [none]
[debug] [2022-10-27T16:14:19.037Z] >>> [apiv2][body] POST https://upload-firebasehosting.googleapis.com/upload/sites/skill-up-b1bf2/versions/3c02a94d80e1aaab/files/b91b017f9de49099e34b55968bc1319482fe0d606ae4aa8a445166c186f2b059 [stream]
[debug] [2022-10-27T16:14:19.038Z] >>> [apiv2][query] POST https://upload-firebasehosting.googleapis.com/upload/sites/skill-up-b1bf2/versions/3c02a94d80e1aaab/files/faa8135f4d804a01c6d866555895c3342ca3572f091aa92eed630427e6a8c679 [none]
[debug] [2022-10-27T16:14:19.038Z] >>> [apiv2][body] POST https://upload-firebasehosting.googleapis.com/upload/sites/skill-up-b1bf2/versions/3c02a94d80e1aaab/files/faa8135f4d804a01c6d866555895c3342ca3572f091aa92eed630427e6a8c679 [stream]
[debug] [2022-10-27T16:14:19.039Z] [hosting][populate queue][FINAL] {"max":892,"min":892,"avg":892,"active":0,"complete":1,"success":1,"errored":0,"retried":0,"total":1,"elapsed":899}
[debug] [2022-10-27T16:14:19.039Z] [hosting] uploads queued: 6
[debug] [2022-10-27T16:14:21.358Z] <<< [apiv2][status] POST https://upload-firebasehosting.googleapis.com/upload/sites/skill-up-b1bf2/versions/3c02a94d80e1aaab/files/5f5cc8b515ebe9d51d56fc5061c7c399cfb69571e7dd83ca3013287bcedbaf75 200
[debug] [2022-10-27T16:14:21.359Z] <<< [apiv2][body] POST https://upload-firebasehosting.googleapis.com/upload/sites/skill-up-b1bf2/versions/3c02a94d80e1aaab/files/5f5cc8b515ebe9d51d56fc5061c7c399cfb69571e7dd83ca3013287bcedbaf75 [stream]
[debug] [2022-10-27T16:14:21.382Z] <<< [apiv2][status] POST https://upload-firebasehosting.googleapis.com/upload/sites/skill-up-b1bf2/versions/3c02a94d80e1aaab/files/faa8135f4d804a01c6d866555895c3342ca3572f091aa92eed630427e6a8c679 200
[debug] [2022-10-27T16:14:21.382Z] <<< [apiv2][body] POST https://upload-firebasehosting.googleapis.com/upload/sites/skill-up-b1bf2/versions/3c02a94d80e1aaab/files/faa8135f4d804a01c6d866555895c3342ca3572f091aa92eed630427e6a8c679 [stream]
[debug] [2022-10-27T16:14:21.383Z] <<< [apiv2][status] POST https://upload-firebasehosting.googleapis.com/upload/sites/skill-up-b1bf2/versions/3c02a94d80e1aaab/files/b91b017f9de49099e34b55968bc1319482fe0d606ae4aa8a445166c186f2b059 200
[debug] [2022-10-27T16:14:21.383Z] <<< [apiv2][body] POST https://upload-firebasehosting.googleapis.com/upload/sites/skill-up-b1bf2/versions/3c02a94d80e1aaab/files/b91b017f9de49099e34b55968bc1319482fe0d606ae4aa8a445166c186f2b059 [stream]
[debug] [2022-10-27T16:14:21.677Z] <<< [apiv2][status] POST https://upload-firebasehosting.googleapis.com/upload/sites/skill-up-b1bf2/versions/3c02a94d80e1aaab/files/a2c605dd9143ff973d8f5ee95567d160225465aa8654486f3840f9c425d1f422 200
[debug] [2022-10-27T16:14:21.678Z] <<< [apiv2][body] POST https://upload-firebasehosting.googleapis.com/upload/sites/skill-up-b1bf2/versions/3c02a94d80e1aaab/files/a2c605dd9143ff973d8f5ee95567d160225465aa8654486f3840f9c425d1f422 [stream]
[debug] [2022-10-27T16:14:22.227Z] <<< [apiv2][status] POST https://upload-firebasehosting.googleapis.com/upload/sites/skill-up-b1bf2/versions/3c02a94d80e1aaab/files/364f02acdf76871e0e16b6c8965b46f2befbc896575f5081fd5e28cc009a9a9f 200
[debug] [2022-10-27T16:14:22.227Z] <<< [apiv2][body] POST https://upload-firebasehosting.googleapis.com/upload/sites/skill-up-b1bf2/versions/3c02a94d80e1aaab/files/364f02acdf76871e0e16b6c8965b46f2befbc896575f5081fd5e28cc009a9a9f [stream]
